
/home/runner/work/exp-hook-drawing-coep/exp-hook-drawing-coep/experiment/simulation/lib/jquery.js
  2:58     warning  'module' is not defined                                                    no-undef
  2:73     warning  'module' is not defined                                                    no-undef
  2:6324   warning  Expected a conditional expression and instead saw an assignment            no-cond-assign
  2:6580   warning  Expected a conditional expression and instead saw an assignment            no-cond-assign
  2:7011   warning  Expected a conditional expression and instead saw an assignment            no-cond-assign
  2:7270   warning  Empty block statement                                                      no-empty
  2:7839   warning  Expected a conditional expression and instead saw an assignment            no-cond-assign
  2:9709   warning  Expected a conditional expression and instead saw an assignment            no-cond-assign
  2:11311  warning  Expected a conditional expression and instead saw an assignment            no-cond-assign
  2:11887  warning  Expected a conditional expression and instead saw an assignment            no-cond-assign
  2:11925  warning  Expected a conditional expression and instead saw an assignment            no-cond-assign
  2:12343  warning  Empty block statement                                                      no-empty
  2:12906  warning  Expected a conditional expression and instead saw an assignment            no-cond-assign
  2:13218  warning  Expected a conditional expression and instead saw an assignment            no-cond-assign
  2:15046  warning  Expected a conditional expression and instead saw an assignment            no-cond-assign
  2:15317  warning  Expected a conditional expression and instead saw an assignment            no-cond-assign
  2:15517  warning  Expected a conditional expression and instead saw an assignment            no-cond-assign
  2:15893  warning  Do not access Object.prototype method 'hasOwnProperty' from target object  no-prototype-builtins
  2:16598  warning  Expected a conditional expression and instead saw an assignment            no-cond-assign
  2:18982  warning  Expected a conditional expression and instead saw an assignment            no-cond-assign
  2:19073  warning  Expected a conditional expression and instead saw an assignment            no-cond-assign
  2:19133  warning  Expected a conditional expression and instead saw an assignment            no-cond-assign
  2:20435  warning  Expected a conditional expression and instead saw an assignment            no-cond-assign
  2:21049  warning  Expected a conditional expression and instead saw an assignment            no-cond-assign
  2:21160  warning  Expected a conditional expression and instead saw an assignment            no-cond-assign
  2:23420  warning  Unnecessary escape character: \[                                           no-useless-escape
  2:23422  warning  Unnecessary escape character: \.                                           no-useless-escape
  2:30761  warning  Empty block statement                                                      no-empty
  2:31981  warning  Empty block statement                                                      no-empty
  3:7811   warning  Expected a conditional expression and instead saw an assignment            no-cond-assign
  3:7951   warning  Expected a conditional expression and instead saw an assignment            no-cond-assign
  3:8441   warning  Empty block statement                                                      no-empty
  3:11852  warning  Empty block statement                                                      no-empty
  3:14493  warning  Empty block statement                                                      no-empty
  3:24051  warning  Empty block statement                                                      no-empty
  3:26100  warning  Move function declaration to function body root                            no-inner-declarations
  3:30714  warning  Empty block statement                                                      no-empty
  4:2546   warning  Expected a conditional expression and instead saw an assignment            no-cond-assign
  4:5062   warning  Expected a conditional expression and instead saw an assignment            no-cond-assign
  4:11701  warning  Expected a conditional expression and instead saw an assignment            no-cond-assign
  4:13447  warning  Empty block statement                                                      no-empty
  4:14747  warning  Expected a conditional expression and instead saw an assignment            no-cond-assign
  4:14827  warning  Expected a conditional expression and instead saw an assignment            no-cond-assign
  4:15164  warning  Expected a conditional expression and instead saw an assignment            no-cond-assign
  4:15244  warning  Expected a conditional expression and instead saw an assignment            no-cond-assign
  4:15659  warning  Expected a conditional expression and instead saw an assignment            no-cond-assign
  4:15915  warning  Expected a conditional expression and instead saw an assignment            no-cond-assign
  4:16492  warning  Unnecessary escape character: \/                                           no-useless-escape
  4:17365  warning  Unnecessary escape character: \/                                           no-useless-escape
  4:17377  warning  Unnecessary escape character: \/                                           no-useless-escape
  4:17610  warning  Expected a conditional expression and instead saw an assignment            no-cond-assign
  4:20109  warning  Expected a conditional expression and instead saw an assignment            no-cond-assign
  4:22009  warning  Expected a conditional expression and instead saw an assignment            no-cond-assign
  4:27128  warning  Empty block statement                                                      no-empty
  4:27205  warning  Empty block statement                                                      no-empty
  5:812    warning  'define' is not defined                                                    no-undef
  5:824    warning  'define' is not defined                                                    no-undef

/home/runner/work/exp-hook-drawing-coep/exp-hook-drawing-coep/experiment/simulation/lib/jquery.min.js
  2:71     warning  'module' is not defined                                                    no-undef
  2:86     warning  'module' is not defined                                                    no-undef
  2:5433   warning  Unexpected control character(s) in regular expression: \x1f, \x1f          no-control-regex
  2:5916   warning  Expected a conditional expression and instead saw an assignment            no-cond-assign
  2:6170   warning  Expected a conditional expression and instead saw an assignment            no-cond-assign
  2:6614   warning  Expected a conditional expression and instead saw an assignment            no-cond-assign
  2:7404   warning  Expected a conditional expression and instead saw an assignment            no-cond-assign
  2:9497   warning  Expected a conditional expression and instead saw an assignment            no-cond-assign
  2:9807   warning  Expected a conditional expression and instead saw an assignment            no-cond-assign
  2:11608  warning  Expected a conditional expression and instead saw an assignment            no-cond-assign
  2:12183  warning  Expected a conditional expression and instead saw an assignment            no-cond-assign
  2:12221  warning  Expected a conditional expression and instead saw an assignment            no-cond-assign
  2:13234  warning  Expected a conditional expression and instead saw an assignment            no-cond-assign
  2:13546  warning  Expected a conditional expression and instead saw an assignment            no-cond-assign
  2:15374  warning  Expected a conditional expression and instead saw an assignment            no-cond-assign
  2:15645  warning  Expected a conditional expression and instead saw an assignment            no-cond-assign
  2:15843  warning  Expected a conditional expression and instead saw an assignment            no-cond-assign
  2:16217  warning  Do not access Object.prototype method 'hasOwnProperty' from target object  no-prototype-builtins
  2:16907  warning  Expected a conditional expression and instead saw an assignment            no-cond-assign
  2:18727  warning  Expected a conditional expression and instead saw an assignment            no-cond-assign
  2:18827  warning  Expected a conditional expression and instead saw an assignment            no-cond-assign
  2:18887  warning  Expected a conditional expression and instead saw an assignment            no-cond-assign
  2:19071  warning  Expected a conditional expression and instead saw an assignment            no-cond-assign
  2:20240  warning  Expected a conditional expression and instead saw an assignment            no-cond-assign
  2:21514  warning  Expected a conditional expression and instead saw an assignment            no-cond-assign
  2:21625  warning  Expected a conditional expression and instead saw an assignment            no-cond-assign
  2:23791  warning  Unnecessary escape character: \/                                           no-useless-escape
  2:33395  warning  Empty block statement                                                      no-empty
  2:37269  warning  Unnecessary escape character: \/                                           no-useless-escape
  2:38490  warning  Expected a conditional expression and instead saw an assignment            no-cond-assign
  2:38606  warning  Expected a conditional expression and instead saw an assignment            no-cond-assign
  2:39234  warning  Empty block statement                                                      no-empty
  2:46727  warning  Unnecessary escape character: \/                                           no-useless-escape
  2:49033  warning  Expected a conditional expression and instead saw an assignment            no-cond-assign
  2:50593  warning  Empty block statement                                                      no-empty
  2:58406  warning  Expected a conditional expression and instead saw an assignment            no-cond-assign
  2:59575  warning  Expected a conditional expression and instead saw an assignment            no-cond-assign
  2:65215  warning  Expected a conditional expression and instead saw an assignment            no-cond-assign
  2:66958  warning  Expected a conditional expression and instead saw an assignment            no-cond-assign
  2:67024  warning  Expected a conditional expression and instead saw an assignment            no-cond-assign
  2:67328  warning  Expected a conditional expression and instead saw an assignment            no-cond-assign
  2:67394  warning  Expected a conditional expression and instead saw an assignment            no-cond-assign
  2:67801  warning  Expected a conditional expression and instead saw an assignment            no-cond-assign
  2:68078  warning  Expected a conditional expression and instead saw an assignment            no-cond-assign
  2:73449  warning  Expected a conditional expression and instead saw an assignment            no-cond-assign
  2:75043  warning  Expected a conditional expression and instead saw an assignment            no-cond-assign
  2:75823  warning  'r.href' is assigned to itself                                             no-self-assign
  2:80414  warning  Empty block statement                                                      no-empty
  2:83525  warning  Expected a conditional expression and instead saw an assignment            no-cond-assign
  2:87869  warning  'define' is not defined                                                    no-undef
  2:87881  warning  'define' is not defined                                                    no-undef

/home/runner/work/exp-hook-drawing-coep/exp-hook-drawing-coep/experiment/simulation/lib/raphael.js
  5800:60  error  Parsing error: Deleting local variable in strict mode

/home/runner/work/exp-hook-drawing-coep/exp-hook-drawing-coep/experiment/simulation/lib/raphael.min.js
  1:66     warning  'module' is not defined                                                                                                                          no-undef
  1:112    warning  'define' is not defined                                                                                                                          no-undef
  1:123    warning  'define' is not defined                                                                                                                          no-undef
  1:161    warning  'exports' is not defined                                                                                                                         no-undef
  1:1566   warning  'DocumentTouch' is not defined                                                                                                                   no-undef
  1:2001   warning  Unnecessary escape character: \.                                                                                                                 no-useless-escape
  1:2017   warning  Unnecessary escape character: \.                                                                                                                 no-useless-escape
  1:2033   warning  Unnecessary escape character: \.                                                                                                                 no-useless-escape
  1:2052   warning  Unnecessary escape character: \.                                                                                                                 no-useless-escape
  1:2081   warning  Unnecessary escape character: \.                                                                                                                 no-useless-escape
  1:2110   warning  Unnecessary escape character: \.                                                                                                                 no-useless-escape
  1:2126   warning  Unnecessary escape character: \.                                                                                                                 no-useless-escape
  1:2145   warning  Unnecessary escape character: \.                                                                                                                 no-useless-escape
  1:2174   warning  Unnecessary escape character: \.                                                                                                                 no-useless-escape
  1:2203   warning  Unnecessary escape character: \.                                                                                                                 no-useless-escape
  1:2219   warning  Unnecessary escape character: \.                                                                                                                 no-useless-escape
  1:2238   warning  Unnecessary escape character: \.                                                                                                                 no-useless-escape
  1:2346   warning  Unnecessary escape character: \)                                                                                                                 no-useless-escape
  1:3257   warning  Unexpected control character(s) in regular expression: \x09, \x0a, \x0b, \x0c, \x0d, \x09, \x0a, \x0b, \x0c, \x0d                                no-control-regex
  1:3582   warning  Unexpected control character(s) in regular expression: \x09, \x0a, \x0b, \x0c, \x0d, \x09, \x0a, \x0b, \x0c, \x0d, \x09, \x0a, \x0b, \x0c, \x0d  no-control-regex
  1:3756   warning  Unnecessary escape character: \-                                                                                                                 no-useless-escape
  1:4055   warning  Unexpected control character(s) in regular expression: \x09, \x0a, \x0b, \x0c, \x0d, \x09, \x0a, \x0b, \x0c, \x0d, \x09, \x0a, \x0b, \x0c, \x0d  no-control-regex
  1:4222   warning  Unnecessary escape character: \-                                                                                                                 no-useless-escape
  1:4521   warning  Unexpected control character(s) in regular expression: \x09, \x0a, \x0b, \x0c, \x0d, \x09, \x0a, \x0b, \x0c, \x0d                                no-control-regex
  1:4539   warning  Unnecessary escape character: \-                                                                                                                 no-useless-escape
  1:4856   warning  Unexpected control character(s) in regular expression: \x09, \x0a, \x0b, \x0c, \x0d, \x09, \x0a, \x0b, \x0c, \x0d                                no-control-regex
  1:5154   warning  Unnecessary escape character: \)                                                                                                                 no-useless-escape
  1:7857   warning  'ActiveXObject' is not defined                                                                                                                   no-undef
  1:7931   warning  'createPopup' is not defined                                                                                                                     no-undef
  1:19015  warning  Expected a 'break' statement before 'default'                                                                                                    no-fallthrough
  1:20113  warning  Expected a 'break' statement before 'default'                                                                                                    no-fallthrough
  1:20421  warning  Expected a 'break' statement before 'default'                                                                                                    no-fallthrough
  1:24342  warning  Unnecessary escape character: \.                                                                                                                 no-useless-escape
  1:35757  warning  't' is defined but never used                                                                                                                    no-unused-vars
  1:49075  warning  'r' is defined but never used                                                                                                                    no-unused-vars
  1:50549  warning  'i' is defined but never used                                                                                                                    no-unused-vars
  1:50598  warning  'r' is defined but never used                                                                                                                    no-unused-vars
  1:52666  warning  Unnecessary escape character: \}                                                                                                                 no-useless-escape
  1:53074  warning  Empty block statement                                                                                                                            no-empty
  1:53754  warning  Unnecessary escape character: \)                                                                                                                 no-useless-escape
  1:60967  warning  Unnecessary escape character: \-                                                                                                                 no-useless-escape
  1:72245  warning  Unnecessary escape character: \-                                                                                                                 no-useless-escape
  1:72515  warning  Unnecessary escape character: \(                                                                                                                 no-useless-escape
  1:72517  warning  Unnecessary escape character: \)                                                                                                                 no-useless-escape
  1:75570  warning  Expected a conditional expression and instead saw an assignment                                                                                  no-cond-assign
  1:77369  warning  Expected a 'break' statement before 'case'                                                                                                       no-fallthrough
  1:77405  warning  Expected a 'break' statement before 'case'                                                                                                       no-fallthrough
  1:77447  warning  Expected a 'break' statement before 'case'                                                                                                       no-fallthrough
  1:77582  warning  Expected a 'break' statement before 'case'                                                                                                       no-fallthrough
  1:77619  warning  Expected a 'break' statement before 'case'                                                                                                       no-fallthrough
  1:77661  warning  Expected a 'break' statement before 'case'                                                                                                       no-fallthrough
  1:79325  warning  Expected a 'break' statement before 'case'                                                                                                       no-fallthrough
  1:79783  warning  Expected a 'break' statement before 'case'                                                                                                       no-fallthrough
  1:79973  warning  Expected a 'break' statement before 'default'                                                                                                    no-fallthrough
  1:80032  warning  Unnecessary escape character: \-                                                                                                                 no-useless-escape
  1:89485  warning  'r' is defined but never used                                                                                                                    no-unused-vars
  1:89543  warning  Unnecessary escape character: \.                                                                                                                 no-useless-escape
  1:89545  warning  Unnecessary escape character: \/                                                                                                                 no-useless-escape
  1:90733  warning  Unnecessary escape character: \.                                                                                                                 no-useless-escape
  1:90735  warning  Unnecessary escape character: \^                                                                                                                 no-useless-escape
  1:90739  warning  Unnecessary escape character: \[                                                                                                                 no-useless-escape
  1:90741  warning  Unnecessary escape character: \-                                                                                                                 no-useless-escape
  1:90780  warning  Unnecessary escape character: \.                                                                                                                 no-useless-escape
  1:90782  warning  Unnecessary escape character: \/                                                                                                                 no-useless-escape
  1:91000  warning  Do not access Object.prototype method 'hasOwnProperty' from target object                                                                        no-prototype-builtins

/home/runner/work/exp-hook-drawing-coep/exp-hook-drawing-coep/experiment/simulation/src/bootstrap.min.js
  6:71     warning  'exports' is not defined       no-undef
  6:79     warning  'require' is not defined       no-undef
  6:97     warning  'require' is not defined       no-undef
  6:146    warning  'define' is not defined        no-undef
  6:157    warning  'define' is not defined        no-undef
  6:657    warning  'r' is a function              no-func-assign
  6:38683  warning  'n' is defined but never used  no-unused-vars

/home/runner/work/exp-hook-drawing-coep/exp-hook-drawing-coep/experiment/simulation/src/demo.js
    4:11   warning  'Diagram' is defined but never used                 no-unused-vars
    5:1    warning  Mixed spaces and tabs                               no-mixed-spaces-and-tabs
    6:2    warning  '$' is not defined                                  no-undef
   11:15   warning  'Raphael' is not defined                            no-undef
   16:5    warning  'wrongCnt' is assigned a value but never used       no-unused-vars
   17:5    warning  'wrongAttempts' is assigned a value but never used  no-unused-vars
   19:11   warning  'y' is not defined                                  no-undef
   23:53   warning  'y' is not defined                                  no-undef
   26:13   warning  'pipe1' is assigned a value but never used          no-unused-vars
   26:51   warning  'y' is not defined                                  no-undef
   26:86   warning  'y' is not defined                                  no-undef
   26:123  warning  'y' is not defined                                  no-undef
   27:13   warning  'pipe2' is assigned a value but never used          no-unused-vars
   27:51   warning  'y' is not defined                                  no-undef
   27:86   warning  'y' is not defined                                  no-undef
   27:123  warning  'y' is not defined                                  no-undef
   29:13   warning  'v1' is assigned a value but never used             no-unused-vars
   29:70   warning  'y' is not defined                                  no-undef
   30:13   warning  'v2' is assigned a value but never used             no-unused-vars
   30:70   warning  'y' is not defined                                  no-undef
   32:13   warning  'v3' is assigned a value but never used             no-unused-vars
   32:70   warning  'y' is not defined                                  no-undef
   33:13   warning  'v4' is assigned a value but never used             no-unused-vars
   33:70   warning  'y' is not defined                                  no-undef
   35:13   warning  'afterV1' is assigned a value but never used        no-unused-vars
   35:51   warning  'y' is not defined                                  no-undef
   36:13   warning  'afterV2' is assigned a value but never used        no-unused-vars
   36:51   warning  'y' is not defined                                  no-undef
   38:13   warning  'v11' is assigned a value but never used            no-unused-vars
   38:49   warning  'y' is not defined                                  no-undef
   39:48   warning  'y' is not defined                                  no-undef
   42:13   warning  'v111' is already defined                           no-redeclare
   42:13   warning  'v111' is assigned a value but never used           no-unused-vars
   42:50   warning  'y' is not defined                                  no-undef
   43:14   warning  'v1111' is assigned a value but never used          no-unused-vars
   43:50   warning  'y' is not defined                                  no-undef
   46:13   warning  'v1Line' is assigned a value but never used         no-unused-vars
   46:52   warning  'y' is not defined                                  no-undef
   47:13   warning  'v2Line' is assigned a value but never used         no-unused-vars
   47:52   warning  'y' is not defined                                  no-undef
   49:12   warning  'labelTxtSteam' is assigned a value but never used  no-unused-vars
   49:48   warning  'y' is not defined                                  no-undef
   58:13   warning  'labelTxt' is assigned a value but never used       no-unused-vars
   58:44   warning  'y' is not defined                                  no-undef
   66:8    warning  'labelTxt1' is assigned a value but never used      no-unused-vars
   66:40   warning  'y' is not defined                                  no-undef
   74:17   warning  'y' is not defined                                  no-undef
   75:17   warning  'y' is not defined                                  no-undef
   77:8    warning  'rectPlate' is assigned a value but never used      no-unused-vars
   77:42   warning  'y' is not defined                                  no-undef
   81:6    warning  'rectO' is assigned a value but never used          no-unused-vars
   85:9    warning  'dptRect' is assigned a value but never used        no-unused-vars
   85:39   warning  'y' is not defined                                  no-undef
   87:9    warning  'rect1' is assigned a value but never used          no-unused-vars
   87:37   warning  'y' is not defined                                  no-undef
   88:9    warning  'rect2' is assigned a value but never used          no-unused-vars
   88:37   warning  'y' is not defined                                  no-undef
   91:9    warning  'labelTxt11' is assigned a value but never used     no-unused-vars
   91:42   warning  'y' is not defined                                  no-undef
   99:10   warning  'labelTxt111' is assigned a value but never used    no-unused-vars
   99:44   warning  'y' is not defined                                  no-undef
  109:11   warning  'dptTxt' is assigned a value but never used         no-unused-vars
  109:40   warning  'y' is not defined                                  no-undef
  117:9    warning  'scopeLine' is assigned a value but never used      no-unused-vars
  117:49   warning  'y' is not defined                                  no-undef
  123:9    warning  'a1' is assigned a value but never used             no-unused-vars
  123:44   warning  'y' is not defined                                  no-undef
  124:9    warning  'a11' is assigned a value but never used            no-unused-vars
  124:43   warning  'y' is not defined                                  no-undef
  125:9    warning  'a111' is assigned a value but never used           no-unused-vars
  125:46   warning  'y' is not defined                                  no-undef
  126:9    warning  'a1111' is assigned a value but never used          no-unused-vars
  126:45   warning  'y' is not defined                                  no-undef
  128:9    warning  'pathFive' is assigned a value but never used       no-unused-vars
  128:48   warning  'y' is not defined                                  no-undef
  129:9    warning  'pathSix' is assigned a value but never used        no-unused-vars
  129:46   warning  'y' is not defined                                  no-undef
  130:9    warning  'pathSeven' is assigned a value but never used      no-unused-vars
  130:48   warning  'y' is not defined                                  no-undef
  132:19   warning  'y' is not defined                                  no-undef
  133:18   warning  'y' is not defined                                  no-undef
  134:19   warning  'y' is not defined                                  no-undef
  135:20   warning  'y' is not defined                                  no-undef
  138:6    warning  'cir' is assigned a value but never used            no-unused-vars
  139:6    warning  'txt' is assigned a value but never used            no-unused-vars
  140:1    warning  Mixed spaces and tabs                               no-mixed-spaces-and-tabs
  144:15   warning  'y' is not defined                                  no-undef
  145:21   warning  'y' is not defined                                  no-undef
  147:9    warning  'b1' is assigned a value but never used             no-unused-vars
  147:42   warning  'y' is not defined                                  no-undef
  148:9    warning  'b11' is assigned a value but never used            no-unused-vars
  148:42   warning  'y' is not defined                                  no-undef
  151:6    warning  'cir' is assigned a value but never used            no-unused-vars
  152:6    warning  'txt' is assigned a value but never used            no-unused-vars
  153:1    warning  Mixed spaces and tabs                               no-mixed-spaces-and-tabs
  157:42   warning  'y' is not defined                                  no-undef
  159:15   warning  'y' is not defined                                  no-undef
  161:6    warning  'cir' is assigned a value but never used            no-unused-vars
  162:6    warning  'txt' is assigned a value but never used            no-unused-vars
  163:1    warning  Mixed spaces and tabs                               no-mixed-spaces-and-tabs
  169:11   warning  'c1' is already defined                             no-redeclare
  169:11   warning  'c1' is assigned a value but never used             no-unused-vars
  169:44   warning  'y' is not defined                                  no-undef
  171:11   warning  'cir' is assigned a value but never used            no-unused-vars
  171:39   warning  'y' is not defined                                  no-undef
  172:6    warning  'txt' is assigned a value but never used            no-unused-vars
  172:32   warning  'y' is not defined                                  no-undef
  173:1    warning  Mixed spaces and tabs                               no-mixed-spaces-and-tabs
  174:1    warning  Mixed spaces and tabs                               no-mixed-spaces-and-tabs
  177:9    warning  'cir5' is assigned a value but never used           no-unused-vars
  177:38   warning  'y' is not defined                                  no-undef
  178:6    warning  'txt5' is assigned a value but never used           no-unused-vars
  178:33   warning  'y' is not defined                                  no-undef
  179:1    warning  Mixed spaces and tabs                               no-mixed-spaces-and-tabs
  180:1    warning  Mixed spaces and tabs                               no-mixed-spaces-and-tabs
  181:1    warning  Mixed spaces and tabs                               no-mixed-spaces-and-tabs
  182:1    warning  Mixed spaces and tabs                               no-mixed-spaces-and-tabs
  184:6    warning  'cir6' is assigned a value but never used           no-unused-vars
  184:34   warning  'y' is not defined                                  no-undef
  185:6    warning  'txt6' is assigned a value but never used           no-unused-vars
  185:32   warning  'y' is not defined                                  no-undef
  186:1    warning  Mixed spaces and tabs                               no-mixed-spaces-and-tabs
  191:6    warning  'cir7' is assigned a value but never used           no-unused-vars
  191:34   warning  'y' is not defined                                  no-undef
  192:6    warning  'txt7' is assigned a value but never used           no-unused-vars
  192:32   warning  'y' is not defined                                  no-undef
  193:1    warning  Mixed spaces and tabs                               no-mixed-spaces-and-tabs
  198:1    warning  Mixed spaces and tabs                               no-mixed-spaces-and-tabs
  199:1    warning  Mixed spaces and tabs                               no-mixed-spaces-and-tabs
  200:1    warning  Mixed spaces and tabs                               no-mixed-spaces-and-tabs
  201:1    warning  Mixed spaces and tabs                               no-mixed-spaces-and-tabs
  210:1    warning  Mixed spaces and tabs                               no-mixed-spaces-and-tabs
  584:13   warning  'Swal' is not defined                               no-undef
  597:13   warning  'Swal' is not defined                               no-undef
  617:13   warning  'Swal' is not defined                               no-undef
  630:13   warning  'Swal' is not defined                               no-undef
  649:9    warning  'Swal' is not defined                               no-undef
  661:9    warning  '$' is not defined                                  no-undef
  662:9    warning  '$' is not defined                                  no-undef
  663:9    warning  '$' is not defined                                  no-undef
  664:9    warning  '$' is not defined                                  no-undef
  674:2    warning  '$' is not defined                                  no-undef
  676:2    warning  '$' is not defined                                  no-undef
  710:2    warning  '$' is not defined                                  no-undef
  711:9    warning  '$' is not defined                                  no-undef
  713:26   warning  '$' is not defined                                  no-undef
  716:21   warning  '$' is not defined                                  no-undef
  717:21   warning  '$' is not defined                                  no-undef
  720:21   warning  '$' is not defined                                  no-undef
  725:17   warning  'Swal' is not defined                               no-undef
  737:13   warning  '$' is not defined                                  no-undef
  739:18   warning  'Swal' is not defined                               no-undef
  751:9    warning  '$' is not defined                                  no-undef
  756:9    warning  '$' is not defined                                  no-undef
  757:4    warning  '$' is not defined                                  no-undef
  763:2    warning  '$' is not defined                                  no-undef

/home/runner/work/exp-hook-drawing-coep/exp-hook-drawing-coep/experiment/simulation/src/hookUp.js
    3:10  warning  'HookUp' is defined but never used                    no-unused-vars
    4:2   warning  '$' is not defined                                    no-undef
    5:2   warning  '$' is not defined                                    no-undef
  354:2   warning  '$' is not defined                                    no-undef
  356:1   warning  Mixed spaces and tabs                                 no-mixed-spaces-and-tabs
  356:3   warning  '$' is not defined                                    no-undef
  368:2   warning  '$' is not defined                                    no-undef
  369:2   warning  'result' is not defined                               no-undef
  371:5   warning  '$' is not defined                                    no-undef
  377:13  warning  'allRowsSelected' is assigned a value but never used  no-unused-vars
  379:9   warning  '$' is not defined                                    no-undef
  380:24  warning  '$' is not defined                                    no-undef
  381:31  warning  '$' is not defined                                    no-undef
  382:32  warning  '$' is not defined                                    no-undef
  430:17  warning  'Swal' is not defined                                 no-undef
  445:17  warning  'Swal' is not defined                                 no-undef
  469:13  warning  'Swal' is not defined                                 no-undef
  482:3   warning  Mixed spaces and tabs                                 no-mixed-spaces-and-tabs
  482:6   warning  'resultJson' is not defined                           no-undef
  483:21  warning  'resultJson' is not defined                           no-undef
  485:13  warning  '$' is not defined                                    no-undef
  487:17  warning  '$' is not defined                                    no-undef
  495:11  warning  '$' is not defined                                    no-undef
  496:11  warning  '$' is not defined                                    no-undef
  497:12  warning  '$' is not defined                                    no-undef

/home/runner/work/exp-hook-drawing-coep/exp-hook-drawing-coep/experiment/simulation/src/result.js
    1:10  warning  'result' is defined but never used  no-unused-vars
    5:2   warning  '$' is not defined                  no-undef
    6:2   warning  '$' is not defined                  no-undef
    7:2   warning  '$' is not defined                  no-undef
    9:2   warning  'htm' is not defined                no-undef
   11:1   warning  Mixed spaces and tabs               no-mixed-spaces-and-tabs
   53:1   warning  Mixed spaces and tabs               no-mixed-spaces-and-tabs
   70:55  warning  'resultJson' is not defined         no-undef
   71:1   warning  Mixed spaces and tabs               no-mixed-spaces-and-tabs
   85:1   warning  Mixed spaces and tabs               no-mixed-spaces-and-tabs
   86:1   warning  Mixed spaces and tabs               no-mixed-spaces-and-tabs
   86:54  warning  'resultJson' is not defined         no-undef
   87:1   warning  Mixed spaces and tabs               no-mixed-spaces-and-tabs
  207:5   warning  '$' is not defined                  no-undef
  207:25  warning  'htm' is not defined                no-undef
  209:27  warning  'resultJson' is not defined         no-undef
  210:26  warning  'resultJson' is not defined         no-undef
  228:2   warning  Mixed spaces and tabs               no-mixed-spaces-and-tabs
  229:1   warning  Mixed spaces and tabs               no-mixed-spaces-and-tabs
  232:1   warning  Mixed spaces and tabs               no-mixed-spaces-and-tabs
  232:3   warning  '$' is not defined                  no-undef
  238:2   warning  Mixed spaces and tabs               no-mixed-spaces-and-tabs
  242:2   warning  Mixed spaces and tabs               no-mixed-spaces-and-tabs
  242:8   warning  'str' is already defined            no-redeclare
  243:3   warning  Mixed spaces and tabs               no-mixed-spaces-and-tabs
  244:2   warning  Mixed spaces and tabs               no-mixed-spaces-and-tabs
  245:2   warning  Mixed spaces and tabs               no-mixed-spaces-and-tabs
  246:2   warning  Mixed spaces and tabs               no-mixed-spaces-and-tabs
  246:8   warning  '$' is not defined                  no-undef
  252:2   warning  Mixed spaces and tabs               no-mixed-spaces-and-tabs
  253:2   warning  Mixed spaces and tabs               no-mixed-spaces-and-tabs
  256:2   warning  Mixed spaces and tabs               no-mixed-spaces-and-tabs
  256:8   warning  'str' is already defined            no-redeclare
  257:1   warning  Mixed spaces and tabs               no-mixed-spaces-and-tabs
  260:2   warning  Mixed spaces and tabs               no-mixed-spaces-and-tabs
  260:8   warning  '$' is not defined                  no-undef
  266:2   warning  Mixed spaces and tabs               no-mixed-spaces-and-tabs
  267:2   warning  Mixed spaces and tabs               no-mixed-spaces-and-tabs
  271:2   warning  Mixed spaces and tabs               no-mixed-spaces-and-tabs
  271:8   warning  'str' is already defined            no-redeclare
  272:3   warning  Mixed spaces and tabs               no-mixed-spaces-and-tabs
  273:2   warning  Mixed spaces and tabs               no-mixed-spaces-and-tabs
  274:2   warning  Mixed spaces and tabs               no-mixed-spaces-and-tabs
  275:2   warning  Mixed spaces and tabs               no-mixed-spaces-and-tabs
  275:8   warning  '$' is not defined                  no-undef
  333:2   warning  'Highcharts' is not defined         no-undef
  335:1   warning  Mixed spaces and tabs               no-mixed-spaces-and-tabs
  336:1   warning  Mixed spaces and tabs               no-mixed-spaces-and-tabs
  337:1   warning  Mixed spaces and tabs               no-mixed-spaces-and-tabs
  338:1   warning  Mixed spaces and tabs               no-mixed-spaces-and-tabs
  339:1   warning  Mixed spaces and tabs               no-mixed-spaces-and-tabs
  340:1   warning  Mixed spaces and tabs               no-mixed-spaces-and-tabs
  341:1   warning  Mixed spaces and tabs               no-mixed-spaces-and-tabs
  343:3   warning  Duplicate key 'credits'             no-dupe-keys
  344:1   warning  Mixed spaces and tabs               no-mixed-spaces-and-tabs
  345:1   warning  Mixed spaces and tabs               no-mixed-spaces-and-tabs
  346:1   warning  Mixed spaces and tabs               no-mixed-spaces-and-tabs
  347:1   warning  Mixed spaces and tabs               no-mixed-spaces-and-tabs
  348:1   warning  Mixed spaces and tabs               no-mixed-spaces-and-tabs
  349:1   warning  Mixed spaces and tabs               no-mixed-spaces-and-tabs
  361:1   warning  Mixed spaces and tabs               no-mixed-spaces-and-tabs
  362:1   warning  Mixed spaces and tabs               no-mixed-spaces-and-tabs
  363:1   warning  Mixed spaces and tabs               no-mixed-spaces-and-tabs
  364:1   warning  Mixed spaces and tabs               no-mixed-spaces-and-tabs
  365:1   warning  Mixed spaces and tabs               no-mixed-spaces-and-tabs
  366:1   warning  Mixed spaces and tabs               no-mixed-spaces-and-tabs
  367:1   warning  Mixed spaces and tabs               no-mixed-spaces-and-tabs
  368:1   warning  Mixed spaces and tabs               no-mixed-spaces-and-tabs
  369:1   warning  Mixed spaces and tabs               no-mixed-spaces-and-tabs
  370:1   warning  Mixed spaces and tabs               no-mixed-spaces-and-tabs
  371:1   warning  Mixed spaces and tabs               no-mixed-spaces-and-tabs
  373:1   warning  Mixed spaces and tabs               no-mixed-spaces-and-tabs
  374:1   warning  Mixed spaces and tabs               no-mixed-spaces-and-tabs
  375:1   warning  Mixed spaces and tabs               no-mixed-spaces-and-tabs
  376:1   warning  Mixed spaces and tabs               no-mixed-spaces-and-tabs
  377:1   warning  Mixed spaces and tabs               no-mixed-spaces-and-tabs
  378:1   warning  Mixed spaces and tabs               no-mixed-spaces-and-tabs
  379:1   warning  Mixed spaces and tabs               no-mixed-spaces-and-tabs
  380:1   warning  Mixed spaces and tabs               no-mixed-spaces-and-tabs
  381:1   warning  Mixed spaces and tabs               no-mixed-spaces-and-tabs
  382:1   warning  Mixed spaces and tabs               no-mixed-spaces-and-tabs
  384:1   warning  Mixed spaces and tabs               no-mixed-spaces-and-tabs
  385:1   warning  Mixed spaces and tabs               no-mixed-spaces-and-tabs
  386:1   warning  Mixed spaces and tabs               no-mixed-spaces-and-tabs
  387:1   warning  Mixed spaces and tabs               no-mixed-spaces-and-tabs
  388:1   warning  Mixed spaces and tabs               no-mixed-spaces-and-tabs
  393:1   warning  Mixed spaces and tabs               no-mixed-spaces-and-tabs
  394:1   warning  Mixed spaces and tabs               no-mixed-spaces-and-tabs
  395:1   warning  Mixed spaces and tabs               no-mixed-spaces-and-tabs

/home/runner/work/exp-hook-drawing-coep/exp-hook-drawing-coep/experiment/simulation/src/timer.js
   6:1  warning  '$' is not defined  no-undef
  21:4  warning  '$' is not defined  no-undef

✖ 453 problems (1 error, 452 warnings)

